ARM GAS  C:\Users\saite\AppData\Local\Temp\cce85wkV.s 			page 1


   1              		.cpu cortex-m4
   2              		.eabi_attribute 27, 1
   3              		.eabi_attribute 28, 1
   4              		.eabi_attribute 20, 1
   5              		.eabi_attribute 21, 1
   6              		.eabi_attribute 23, 3
   7              		.eabi_attribute 24, 1
   8              		.eabi_attribute 25, 1
   9              		.eabi_attribute 26, 1
  10              		.eabi_attribute 30, 1
  11              		.eabi_attribute 34, 1
  12              		.eabi_attribute 18, 4
  13              		.file	"stm32f4xx_hal_msp.c"
  14              		.text
  15              	.Ltext0:
  16              		.cfi_sections	.debug_frame
  17              		.section	.text.HAL_MspInit,"ax",%progbits
  18              		.align	1
  19              		.global	HAL_MspInit
  20              		.arch armv7e-m
  21              		.syntax unified
  22              		.thumb
  23              		.thumb_func
  24              		.fpu fpv4-sp-d16
  26              	HAL_MspInit:
  27              	.LFB130:
  28              		.file 1 "Core/Src/stm32f4xx_hal_msp.c"
   1:Core/Src/stm32f4xx_hal_msp.c **** /* USER CODE BEGIN Header */
   2:Core/Src/stm32f4xx_hal_msp.c **** /**
   3:Core/Src/stm32f4xx_hal_msp.c ****   ******************************************************************************
   4:Core/Src/stm32f4xx_hal_msp.c ****   * @file         stm32f4xx_hal_msp.c
   5:Core/Src/stm32f4xx_hal_msp.c ****   * @brief        This file provides code for the MSP Initialization
   6:Core/Src/stm32f4xx_hal_msp.c ****   *               and de-Initialization codes.
   7:Core/Src/stm32f4xx_hal_msp.c ****   ******************************************************************************
   8:Core/Src/stm32f4xx_hal_msp.c ****   * @attention
   9:Core/Src/stm32f4xx_hal_msp.c ****   *
  10:Core/Src/stm32f4xx_hal_msp.c ****   * <h2><center>&copy; Copyright (c) 2021 STMicroelectronics.
  11:Core/Src/stm32f4xx_hal_msp.c ****   * All rights reserved.</center></h2>
  12:Core/Src/stm32f4xx_hal_msp.c ****   *
  13:Core/Src/stm32f4xx_hal_msp.c ****   * This software component is licensed by ST under BSD 3-Clause license,
  14:Core/Src/stm32f4xx_hal_msp.c ****   * the "License"; You may not use this file except in compliance with the
  15:Core/Src/stm32f4xx_hal_msp.c ****   * License. You may obtain a copy of the License at:
  16:Core/Src/stm32f4xx_hal_msp.c ****   *                        opensource.org/licenses/BSD-3-Clause
  17:Core/Src/stm32f4xx_hal_msp.c ****   *
  18:Core/Src/stm32f4xx_hal_msp.c ****   ******************************************************************************
  19:Core/Src/stm32f4xx_hal_msp.c ****   */
  20:Core/Src/stm32f4xx_hal_msp.c **** /* USER CODE END Header */
  21:Core/Src/stm32f4xx_hal_msp.c **** 
  22:Core/Src/stm32f4xx_hal_msp.c **** /* Includes ------------------------------------------------------------------*/
  23:Core/Src/stm32f4xx_hal_msp.c **** #include "main.h"
  24:Core/Src/stm32f4xx_hal_msp.c **** /* USER CODE BEGIN Includes */
  25:Core/Src/stm32f4xx_hal_msp.c **** 
  26:Core/Src/stm32f4xx_hal_msp.c **** /* USER CODE END Includes */
  27:Core/Src/stm32f4xx_hal_msp.c **** 
  28:Core/Src/stm32f4xx_hal_msp.c **** /* Private typedef -----------------------------------------------------------*/
  29:Core/Src/stm32f4xx_hal_msp.c **** /* USER CODE BEGIN TD */
  30:Core/Src/stm32f4xx_hal_msp.c **** 
ARM GAS  C:\Users\saite\AppData\Local\Temp\cce85wkV.s 			page 2


  31:Core/Src/stm32f4xx_hal_msp.c **** /* USER CODE END TD */
  32:Core/Src/stm32f4xx_hal_msp.c **** 
  33:Core/Src/stm32f4xx_hal_msp.c **** /* Private define ------------------------------------------------------------*/
  34:Core/Src/stm32f4xx_hal_msp.c **** /* USER CODE BEGIN Define */
  35:Core/Src/stm32f4xx_hal_msp.c **** 
  36:Core/Src/stm32f4xx_hal_msp.c **** /* USER CODE END Define */
  37:Core/Src/stm32f4xx_hal_msp.c **** 
  38:Core/Src/stm32f4xx_hal_msp.c **** /* Private macro -------------------------------------------------------------*/
  39:Core/Src/stm32f4xx_hal_msp.c **** /* USER CODE BEGIN Macro */
  40:Core/Src/stm32f4xx_hal_msp.c **** 
  41:Core/Src/stm32f4xx_hal_msp.c **** /* USER CODE END Macro */
  42:Core/Src/stm32f4xx_hal_msp.c **** 
  43:Core/Src/stm32f4xx_hal_msp.c **** /* Private variables ---------------------------------------------------------*/
  44:Core/Src/stm32f4xx_hal_msp.c **** /* USER CODE BEGIN PV */
  45:Core/Src/stm32f4xx_hal_msp.c **** 
  46:Core/Src/stm32f4xx_hal_msp.c **** /* USER CODE END PV */
  47:Core/Src/stm32f4xx_hal_msp.c **** 
  48:Core/Src/stm32f4xx_hal_msp.c **** /* Private function prototypes -----------------------------------------------*/
  49:Core/Src/stm32f4xx_hal_msp.c **** /* USER CODE BEGIN PFP */
  50:Core/Src/stm32f4xx_hal_msp.c **** 
  51:Core/Src/stm32f4xx_hal_msp.c **** /* USER CODE END PFP */
  52:Core/Src/stm32f4xx_hal_msp.c **** 
  53:Core/Src/stm32f4xx_hal_msp.c **** /* External functions --------------------------------------------------------*/
  54:Core/Src/stm32f4xx_hal_msp.c **** /* USER CODE BEGIN ExternalFunctions */
  55:Core/Src/stm32f4xx_hal_msp.c **** 
  56:Core/Src/stm32f4xx_hal_msp.c **** /* USER CODE END ExternalFunctions */
  57:Core/Src/stm32f4xx_hal_msp.c **** 
  58:Core/Src/stm32f4xx_hal_msp.c **** /* USER CODE BEGIN 0 */
  59:Core/Src/stm32f4xx_hal_msp.c **** 
  60:Core/Src/stm32f4xx_hal_msp.c **** /* USER CODE END 0 */
  61:Core/Src/stm32f4xx_hal_msp.c **** /**
  62:Core/Src/stm32f4xx_hal_msp.c ****   * Initializes the Global MSP.
  63:Core/Src/stm32f4xx_hal_msp.c ****   */
  64:Core/Src/stm32f4xx_hal_msp.c **** void HAL_MspInit(void)
  65:Core/Src/stm32f4xx_hal_msp.c **** {
  29              		.loc 1 65 1 view -0
  30              		.cfi_startproc
  31              		@ args = 0, pretend = 0, frame = 8
  32              		@ frame_needed = 0, uses_anonymous_args = 0
  33 0000 00B5     		push	{lr}
  34              	.LCFI0:
  35              		.cfi_def_cfa_offset 4
  36              		.cfi_offset 14, -4
  37 0002 83B0     		sub	sp, sp, #12
  38              	.LCFI1:
  39              		.cfi_def_cfa_offset 16
  66:Core/Src/stm32f4xx_hal_msp.c ****   /* USER CODE BEGIN MspInit 0 */
  67:Core/Src/stm32f4xx_hal_msp.c **** 
  68:Core/Src/stm32f4xx_hal_msp.c ****   /* USER CODE END MspInit 0 */
  69:Core/Src/stm32f4xx_hal_msp.c **** 
  70:Core/Src/stm32f4xx_hal_msp.c ****   __HAL_RCC_SYSCFG_CLK_ENABLE();
  40              		.loc 1 70 3 view .LVU1
  41              	.LBB2:
  42              		.loc 1 70 3 view .LVU2
  43 0004 0021     		movs	r1, #0
  44 0006 0091     		str	r1, [sp]
  45              		.loc 1 70 3 view .LVU3
ARM GAS  C:\Users\saite\AppData\Local\Temp\cce85wkV.s 			page 3


  46 0008 0C4B     		ldr	r3, .L3
  47 000a 5A6C     		ldr	r2, [r3, #68]
  48 000c 42F48042 		orr	r2, r2, #16384
  49 0010 5A64     		str	r2, [r3, #68]
  50              		.loc 1 70 3 view .LVU4
  51 0012 5A6C     		ldr	r2, [r3, #68]
  52 0014 02F48042 		and	r2, r2, #16384
  53 0018 0092     		str	r2, [sp]
  54              		.loc 1 70 3 view .LVU5
  55 001a 009A     		ldr	r2, [sp]
  56              	.LBE2:
  57              		.loc 1 70 3 view .LVU6
  71:Core/Src/stm32f4xx_hal_msp.c ****   __HAL_RCC_PWR_CLK_ENABLE();
  58              		.loc 1 71 3 view .LVU7
  59              	.LBB3:
  60              		.loc 1 71 3 view .LVU8
  61 001c 0191     		str	r1, [sp, #4]
  62              		.loc 1 71 3 view .LVU9
  63 001e 1A6C     		ldr	r2, [r3, #64]
  64 0020 42F08052 		orr	r2, r2, #268435456
  65 0024 1A64     		str	r2, [r3, #64]
  66              		.loc 1 71 3 view .LVU10
  67 0026 1B6C     		ldr	r3, [r3, #64]
  68 0028 03F08053 		and	r3, r3, #268435456
  69 002c 0193     		str	r3, [sp, #4]
  70              		.loc 1 71 3 view .LVU11
  71 002e 019B     		ldr	r3, [sp, #4]
  72              	.LBE3:
  73              		.loc 1 71 3 view .LVU12
  72:Core/Src/stm32f4xx_hal_msp.c **** 
  73:Core/Src/stm32f4xx_hal_msp.c ****   HAL_NVIC_SetPriorityGrouping(NVIC_PRIORITYGROUP_0);
  74              		.loc 1 73 3 view .LVU13
  75 0030 0720     		movs	r0, #7
  76 0032 FFF7FEFF 		bl	HAL_NVIC_SetPriorityGrouping
  77              	.LVL0:
  74:Core/Src/stm32f4xx_hal_msp.c **** 
  75:Core/Src/stm32f4xx_hal_msp.c ****   /* System interrupt init*/
  76:Core/Src/stm32f4xx_hal_msp.c **** 
  77:Core/Src/stm32f4xx_hal_msp.c ****   /* USER CODE BEGIN MspInit 1 */
  78:Core/Src/stm32f4xx_hal_msp.c **** 
  79:Core/Src/stm32f4xx_hal_msp.c ****   /* USER CODE END MspInit 1 */
  80:Core/Src/stm32f4xx_hal_msp.c **** }
  78              		.loc 1 80 1 is_stmt 0 view .LVU14
  79 0036 03B0     		add	sp, sp, #12
  80              	.LCFI2:
  81              		.cfi_def_cfa_offset 4
  82              		@ sp needed
  83 0038 5DF804FB 		ldr	pc, [sp], #4
  84              	.L4:
  85              		.align	2
  86              	.L3:
  87 003c 00380240 		.word	1073887232
  88              		.cfi_endproc
  89              	.LFE130:
  91              		.section	.text.HAL_SPI_MspInit,"ax",%progbits
  92              		.align	1
  93              		.global	HAL_SPI_MspInit
ARM GAS  C:\Users\saite\AppData\Local\Temp\cce85wkV.s 			page 4


  94              		.syntax unified
  95              		.thumb
  96              		.thumb_func
  97              		.fpu fpv4-sp-d16
  99              	HAL_SPI_MspInit:
 100              	.LVL1:
 101              	.LFB131:
  81:Core/Src/stm32f4xx_hal_msp.c **** 
  82:Core/Src/stm32f4xx_hal_msp.c **** /**
  83:Core/Src/stm32f4xx_hal_msp.c **** * @brief SPI MSP Initialization
  84:Core/Src/stm32f4xx_hal_msp.c **** * This function configures the hardware resources used in this example
  85:Core/Src/stm32f4xx_hal_msp.c **** * @param hspi: SPI handle pointer
  86:Core/Src/stm32f4xx_hal_msp.c **** * @retval None
  87:Core/Src/stm32f4xx_hal_msp.c **** */
  88:Core/Src/stm32f4xx_hal_msp.c **** void HAL_SPI_MspInit(SPI_HandleTypeDef* hspi)
  89:Core/Src/stm32f4xx_hal_msp.c **** {
 102              		.loc 1 89 1 is_stmt 1 view -0
 103              		.cfi_startproc
 104              		@ args = 0, pretend = 0, frame = 32
 105              		@ frame_needed = 0, uses_anonymous_args = 0
 106              		.loc 1 89 1 is_stmt 0 view .LVU16
 107 0000 00B5     		push	{lr}
 108              	.LCFI3:
 109              		.cfi_def_cfa_offset 4
 110              		.cfi_offset 14, -4
 111 0002 89B0     		sub	sp, sp, #36
 112              	.LCFI4:
 113              		.cfi_def_cfa_offset 40
  90:Core/Src/stm32f4xx_hal_msp.c ****   GPIO_InitTypeDef GPIO_InitStruct = {0};
 114              		.loc 1 90 3 is_stmt 1 view .LVU17
 115              		.loc 1 90 20 is_stmt 0 view .LVU18
 116 0004 0023     		movs	r3, #0
 117 0006 0393     		str	r3, [sp, #12]
 118 0008 0493     		str	r3, [sp, #16]
 119 000a 0593     		str	r3, [sp, #20]
 120 000c 0693     		str	r3, [sp, #24]
 121 000e 0793     		str	r3, [sp, #28]
  91:Core/Src/stm32f4xx_hal_msp.c ****   if(hspi->Instance==SPI1)
 122              		.loc 1 91 3 is_stmt 1 view .LVU19
 123              		.loc 1 91 10 is_stmt 0 view .LVU20
 124 0010 0268     		ldr	r2, [r0]
 125              		.loc 1 91 5 view .LVU21
 126 0012 154B     		ldr	r3, .L9
 127 0014 9A42     		cmp	r2, r3
 128 0016 02D0     		beq	.L8
 129              	.LVL2:
 130              	.L5:
  92:Core/Src/stm32f4xx_hal_msp.c ****   {
  93:Core/Src/stm32f4xx_hal_msp.c ****   /* USER CODE BEGIN SPI1_MspInit 0 */
  94:Core/Src/stm32f4xx_hal_msp.c **** 
  95:Core/Src/stm32f4xx_hal_msp.c ****   /* USER CODE END SPI1_MspInit 0 */
  96:Core/Src/stm32f4xx_hal_msp.c ****     /* Peripheral clock enable */
  97:Core/Src/stm32f4xx_hal_msp.c ****     __HAL_RCC_SPI1_CLK_ENABLE();
  98:Core/Src/stm32f4xx_hal_msp.c **** 
  99:Core/Src/stm32f4xx_hal_msp.c ****     __HAL_RCC_GPIOA_CLK_ENABLE();
 100:Core/Src/stm32f4xx_hal_msp.c ****     /**SPI1 GPIO Configuration
 101:Core/Src/stm32f4xx_hal_msp.c ****     PA5     ------> SPI1_SCK
ARM GAS  C:\Users\saite\AppData\Local\Temp\cce85wkV.s 			page 5


 102:Core/Src/stm32f4xx_hal_msp.c ****     PA6     ------> SPI1_MISO
 103:Core/Src/stm32f4xx_hal_msp.c ****     PA7     ------> SPI1_MOSI
 104:Core/Src/stm32f4xx_hal_msp.c ****     */
 105:Core/Src/stm32f4xx_hal_msp.c ****     GPIO_InitStruct.Pin = GPIO_PIN_5|GPIO_PIN_6|GPIO_PIN_7;
 106:Core/Src/stm32f4xx_hal_msp.c ****     GPIO_InitStruct.Mode = GPIO_MODE_AF_PP;
 107:Core/Src/stm32f4xx_hal_msp.c ****     GPIO_InitStruct.Pull = GPIO_NOPULL;
 108:Core/Src/stm32f4xx_hal_msp.c ****     GPIO_InitStruct.Speed = GPIO_SPEED_FREQ_VERY_HIGH;
 109:Core/Src/stm32f4xx_hal_msp.c ****     GPIO_InitStruct.Alternate = GPIO_AF5_SPI1;
 110:Core/Src/stm32f4xx_hal_msp.c ****     HAL_GPIO_Init(GPIOA, &GPIO_InitStruct);
 111:Core/Src/stm32f4xx_hal_msp.c **** 
 112:Core/Src/stm32f4xx_hal_msp.c ****   /* USER CODE BEGIN SPI1_MspInit 1 */
 113:Core/Src/stm32f4xx_hal_msp.c **** 
 114:Core/Src/stm32f4xx_hal_msp.c ****   /* USER CODE END SPI1_MspInit 1 */
 115:Core/Src/stm32f4xx_hal_msp.c ****   }
 116:Core/Src/stm32f4xx_hal_msp.c **** 
 117:Core/Src/stm32f4xx_hal_msp.c **** }
 131              		.loc 1 117 1 view .LVU22
 132 0018 09B0     		add	sp, sp, #36
 133              	.LCFI5:
 134              		.cfi_remember_state
 135              		.cfi_def_cfa_offset 4
 136              		@ sp needed
 137 001a 5DF804FB 		ldr	pc, [sp], #4
 138              	.LVL3:
 139              	.L8:
 140              	.LCFI6:
 141              		.cfi_restore_state
  97:Core/Src/stm32f4xx_hal_msp.c **** 
 142              		.loc 1 97 5 is_stmt 1 view .LVU23
 143              	.LBB4:
  97:Core/Src/stm32f4xx_hal_msp.c **** 
 144              		.loc 1 97 5 view .LVU24
 145 001e 0021     		movs	r1, #0
 146 0020 0191     		str	r1, [sp, #4]
  97:Core/Src/stm32f4xx_hal_msp.c **** 
 147              		.loc 1 97 5 view .LVU25
 148 0022 03F58433 		add	r3, r3, #67584
 149 0026 5A6C     		ldr	r2, [r3, #68]
 150 0028 42F48052 		orr	r2, r2, #4096
 151 002c 5A64     		str	r2, [r3, #68]
  97:Core/Src/stm32f4xx_hal_msp.c **** 
 152              		.loc 1 97 5 view .LVU26
 153 002e 5A6C     		ldr	r2, [r3, #68]
 154 0030 02F48052 		and	r2, r2, #4096
 155 0034 0192     		str	r2, [sp, #4]
  97:Core/Src/stm32f4xx_hal_msp.c **** 
 156              		.loc 1 97 5 view .LVU27
 157 0036 019A     		ldr	r2, [sp, #4]
 158              	.LBE4:
  97:Core/Src/stm32f4xx_hal_msp.c **** 
 159              		.loc 1 97 5 view .LVU28
  99:Core/Src/stm32f4xx_hal_msp.c ****     /**SPI1 GPIO Configuration
 160              		.loc 1 99 5 view .LVU29
 161              	.LBB5:
  99:Core/Src/stm32f4xx_hal_msp.c ****     /**SPI1 GPIO Configuration
 162              		.loc 1 99 5 view .LVU30
 163 0038 0291     		str	r1, [sp, #8]
ARM GAS  C:\Users\saite\AppData\Local\Temp\cce85wkV.s 			page 6


  99:Core/Src/stm32f4xx_hal_msp.c ****     /**SPI1 GPIO Configuration
 164              		.loc 1 99 5 view .LVU31
 165 003a 1A6B     		ldr	r2, [r3, #48]
 166 003c 42F00102 		orr	r2, r2, #1
 167 0040 1A63     		str	r2, [r3, #48]
  99:Core/Src/stm32f4xx_hal_msp.c ****     /**SPI1 GPIO Configuration
 168              		.loc 1 99 5 view .LVU32
 169 0042 1B6B     		ldr	r3, [r3, #48]
 170 0044 03F00103 		and	r3, r3, #1
 171 0048 0293     		str	r3, [sp, #8]
  99:Core/Src/stm32f4xx_hal_msp.c ****     /**SPI1 GPIO Configuration
 172              		.loc 1 99 5 view .LVU33
 173 004a 029B     		ldr	r3, [sp, #8]
 174              	.LBE5:
  99:Core/Src/stm32f4xx_hal_msp.c ****     /**SPI1 GPIO Configuration
 175              		.loc 1 99 5 view .LVU34
 105:Core/Src/stm32f4xx_hal_msp.c ****     GPIO_InitStruct.Mode = GPIO_MODE_AF_PP;
 176              		.loc 1 105 5 view .LVU35
 105:Core/Src/stm32f4xx_hal_msp.c ****     GPIO_InitStruct.Mode = GPIO_MODE_AF_PP;
 177              		.loc 1 105 25 is_stmt 0 view .LVU36
 178 004c E023     		movs	r3, #224
 179 004e 0393     		str	r3, [sp, #12]
 106:Core/Src/stm32f4xx_hal_msp.c ****     GPIO_InitStruct.Pull = GPIO_NOPULL;
 180              		.loc 1 106 5 is_stmt 1 view .LVU37
 106:Core/Src/stm32f4xx_hal_msp.c ****     GPIO_InitStruct.Pull = GPIO_NOPULL;
 181              		.loc 1 106 26 is_stmt 0 view .LVU38
 182 0050 0223     		movs	r3, #2
 183 0052 0493     		str	r3, [sp, #16]
 107:Core/Src/stm32f4xx_hal_msp.c ****     GPIO_InitStruct.Speed = GPIO_SPEED_FREQ_VERY_HIGH;
 184              		.loc 1 107 5 is_stmt 1 view .LVU39
 108:Core/Src/stm32f4xx_hal_msp.c ****     GPIO_InitStruct.Alternate = GPIO_AF5_SPI1;
 185              		.loc 1 108 5 view .LVU40
 108:Core/Src/stm32f4xx_hal_msp.c ****     GPIO_InitStruct.Alternate = GPIO_AF5_SPI1;
 186              		.loc 1 108 27 is_stmt 0 view .LVU41
 187 0054 0323     		movs	r3, #3
 188 0056 0693     		str	r3, [sp, #24]
 109:Core/Src/stm32f4xx_hal_msp.c ****     HAL_GPIO_Init(GPIOA, &GPIO_InitStruct);
 189              		.loc 1 109 5 is_stmt 1 view .LVU42
 109:Core/Src/stm32f4xx_hal_msp.c ****     HAL_GPIO_Init(GPIOA, &GPIO_InitStruct);
 190              		.loc 1 109 31 is_stmt 0 view .LVU43
 191 0058 0523     		movs	r3, #5
 192 005a 0793     		str	r3, [sp, #28]
 110:Core/Src/stm32f4xx_hal_msp.c **** 
 193              		.loc 1 110 5 is_stmt 1 view .LVU44
 194 005c 03A9     		add	r1, sp, #12
 195 005e 0348     		ldr	r0, .L9+4
 196              	.LVL4:
 110:Core/Src/stm32f4xx_hal_msp.c **** 
 197              		.loc 1 110 5 is_stmt 0 view .LVU45
 198 0060 FFF7FEFF 		bl	HAL_GPIO_Init
 199              	.LVL5:
 200              		.loc 1 117 1 view .LVU46
 201 0064 D8E7     		b	.L5
 202              	.L10:
 203 0066 00BF     		.align	2
 204              	.L9:
 205 0068 00300140 		.word	1073819648
ARM GAS  C:\Users\saite\AppData\Local\Temp\cce85wkV.s 			page 7


 206 006c 00000240 		.word	1073872896
 207              		.cfi_endproc
 208              	.LFE131:
 210              		.section	.text.HAL_SPI_MspDeInit,"ax",%progbits
 211              		.align	1
 212              		.global	HAL_SPI_MspDeInit
 213              		.syntax unified
 214              		.thumb
 215              		.thumb_func
 216              		.fpu fpv4-sp-d16
 218              	HAL_SPI_MspDeInit:
 219              	.LVL6:
 220              	.LFB132:
 118:Core/Src/stm32f4xx_hal_msp.c **** 
 119:Core/Src/stm32f4xx_hal_msp.c **** /**
 120:Core/Src/stm32f4xx_hal_msp.c **** * @brief SPI MSP De-Initialization
 121:Core/Src/stm32f4xx_hal_msp.c **** * This function freeze the hardware resources used in this example
 122:Core/Src/stm32f4xx_hal_msp.c **** * @param hspi: SPI handle pointer
 123:Core/Src/stm32f4xx_hal_msp.c **** * @retval None
 124:Core/Src/stm32f4xx_hal_msp.c **** */
 125:Core/Src/stm32f4xx_hal_msp.c **** void HAL_SPI_MspDeInit(SPI_HandleTypeDef* hspi)
 126:Core/Src/stm32f4xx_hal_msp.c **** {
 221              		.loc 1 126 1 is_stmt 1 view -0
 222              		.cfi_startproc
 223              		@ args = 0, pretend = 0, frame = 0
 224              		@ frame_needed = 0, uses_anonymous_args = 0
 225              		.loc 1 126 1 is_stmt 0 view .LVU48
 226 0000 08B5     		push	{r3, lr}
 227              	.LCFI7:
 228              		.cfi_def_cfa_offset 8
 229              		.cfi_offset 3, -8
 230              		.cfi_offset 14, -4
 127:Core/Src/stm32f4xx_hal_msp.c ****   if(hspi->Instance==SPI1)
 231              		.loc 1 127 3 is_stmt 1 view .LVU49
 232              		.loc 1 127 10 is_stmt 0 view .LVU50
 233 0002 0268     		ldr	r2, [r0]
 234              		.loc 1 127 5 view .LVU51
 235 0004 064B     		ldr	r3, .L15
 236 0006 9A42     		cmp	r2, r3
 237 0008 00D0     		beq	.L14
 238              	.LVL7:
 239              	.L11:
 128:Core/Src/stm32f4xx_hal_msp.c ****   {
 129:Core/Src/stm32f4xx_hal_msp.c ****   /* USER CODE BEGIN SPI1_MspDeInit 0 */
 130:Core/Src/stm32f4xx_hal_msp.c **** 
 131:Core/Src/stm32f4xx_hal_msp.c ****   /* USER CODE END SPI1_MspDeInit 0 */
 132:Core/Src/stm32f4xx_hal_msp.c ****     /* Peripheral clock disable */
 133:Core/Src/stm32f4xx_hal_msp.c ****     __HAL_RCC_SPI1_CLK_DISABLE();
 134:Core/Src/stm32f4xx_hal_msp.c **** 
 135:Core/Src/stm32f4xx_hal_msp.c ****     /**SPI1 GPIO Configuration
 136:Core/Src/stm32f4xx_hal_msp.c ****     PA5     ------> SPI1_SCK
 137:Core/Src/stm32f4xx_hal_msp.c ****     PA6     ------> SPI1_MISO
 138:Core/Src/stm32f4xx_hal_msp.c ****     PA7     ------> SPI1_MOSI
 139:Core/Src/stm32f4xx_hal_msp.c ****     */
 140:Core/Src/stm32f4xx_hal_msp.c ****     HAL_GPIO_DeInit(GPIOA, GPIO_PIN_5|GPIO_PIN_6|GPIO_PIN_7);
 141:Core/Src/stm32f4xx_hal_msp.c **** 
 142:Core/Src/stm32f4xx_hal_msp.c ****   /* USER CODE BEGIN SPI1_MspDeInit 1 */
ARM GAS  C:\Users\saite\AppData\Local\Temp\cce85wkV.s 			page 8


 143:Core/Src/stm32f4xx_hal_msp.c **** 
 144:Core/Src/stm32f4xx_hal_msp.c ****   /* USER CODE END SPI1_MspDeInit 1 */
 145:Core/Src/stm32f4xx_hal_msp.c ****   }
 146:Core/Src/stm32f4xx_hal_msp.c **** 
 147:Core/Src/stm32f4xx_hal_msp.c **** }
 240              		.loc 1 147 1 view .LVU52
 241 000a 08BD     		pop	{r3, pc}
 242              	.LVL8:
 243              	.L14:
 133:Core/Src/stm32f4xx_hal_msp.c **** 
 244              		.loc 1 133 5 is_stmt 1 view .LVU53
 245 000c 054A     		ldr	r2, .L15+4
 246 000e 536C     		ldr	r3, [r2, #68]
 247 0010 23F48053 		bic	r3, r3, #4096
 248 0014 5364     		str	r3, [r2, #68]
 140:Core/Src/stm32f4xx_hal_msp.c **** 
 249              		.loc 1 140 5 view .LVU54
 250 0016 E021     		movs	r1, #224
 251 0018 0348     		ldr	r0, .L15+8
 252              	.LVL9:
 140:Core/Src/stm32f4xx_hal_msp.c **** 
 253              		.loc 1 140 5 is_stmt 0 view .LVU55
 254 001a FFF7FEFF 		bl	HAL_GPIO_DeInit
 255              	.LVL10:
 256              		.loc 1 147 1 view .LVU56
 257 001e F4E7     		b	.L11
 258              	.L16:
 259              		.align	2
 260              	.L15:
 261 0020 00300140 		.word	1073819648
 262 0024 00380240 		.word	1073887232
 263 0028 00000240 		.word	1073872896
 264              		.cfi_endproc
 265              	.LFE132:
 267              		.section	.text.HAL_UART_MspInit,"ax",%progbits
 268              		.align	1
 269              		.global	HAL_UART_MspInit
 270              		.syntax unified
 271              		.thumb
 272              		.thumb_func
 273              		.fpu fpv4-sp-d16
 275              	HAL_UART_MspInit:
 276              	.LVL11:
 277              	.LFB133:
 148:Core/Src/stm32f4xx_hal_msp.c **** 
 149:Core/Src/stm32f4xx_hal_msp.c **** /**
 150:Core/Src/stm32f4xx_hal_msp.c **** * @brief UART MSP Initialization
 151:Core/Src/stm32f4xx_hal_msp.c **** * This function configures the hardware resources used in this example
 152:Core/Src/stm32f4xx_hal_msp.c **** * @param huart: UART handle pointer
 153:Core/Src/stm32f4xx_hal_msp.c **** * @retval None
 154:Core/Src/stm32f4xx_hal_msp.c **** */
 155:Core/Src/stm32f4xx_hal_msp.c **** void HAL_UART_MspInit(UART_HandleTypeDef* huart)
 156:Core/Src/stm32f4xx_hal_msp.c **** {
 278              		.loc 1 156 1 is_stmt 1 view -0
 279              		.cfi_startproc
 280              		@ args = 0, pretend = 0, frame = 32
 281              		@ frame_needed = 0, uses_anonymous_args = 0
ARM GAS  C:\Users\saite\AppData\Local\Temp\cce85wkV.s 			page 9


 282              		.loc 1 156 1 is_stmt 0 view .LVU58
 283 0000 00B5     		push	{lr}
 284              	.LCFI8:
 285              		.cfi_def_cfa_offset 4
 286              		.cfi_offset 14, -4
 287 0002 89B0     		sub	sp, sp, #36
 288              	.LCFI9:
 289              		.cfi_def_cfa_offset 40
 157:Core/Src/stm32f4xx_hal_msp.c ****   GPIO_InitTypeDef GPIO_InitStruct = {0};
 290              		.loc 1 157 3 is_stmt 1 view .LVU59
 291              		.loc 1 157 20 is_stmt 0 view .LVU60
 292 0004 0023     		movs	r3, #0
 293 0006 0393     		str	r3, [sp, #12]
 294 0008 0493     		str	r3, [sp, #16]
 295 000a 0593     		str	r3, [sp, #20]
 296 000c 0693     		str	r3, [sp, #24]
 297 000e 0793     		str	r3, [sp, #28]
 158:Core/Src/stm32f4xx_hal_msp.c ****   if(huart->Instance==USART2)
 298              		.loc 1 158 3 is_stmt 1 view .LVU61
 299              		.loc 1 158 11 is_stmt 0 view .LVU62
 300 0010 0268     		ldr	r2, [r0]
 301              		.loc 1 158 5 view .LVU63
 302 0012 154B     		ldr	r3, .L21
 303 0014 9A42     		cmp	r2, r3
 304 0016 02D0     		beq	.L20
 305              	.LVL12:
 306              	.L17:
 159:Core/Src/stm32f4xx_hal_msp.c ****   {
 160:Core/Src/stm32f4xx_hal_msp.c ****   /* USER CODE BEGIN USART2_MspInit 0 */
 161:Core/Src/stm32f4xx_hal_msp.c **** 
 162:Core/Src/stm32f4xx_hal_msp.c ****   /* USER CODE END USART2_MspInit 0 */
 163:Core/Src/stm32f4xx_hal_msp.c ****     /* Peripheral clock enable */
 164:Core/Src/stm32f4xx_hal_msp.c ****     __HAL_RCC_USART2_CLK_ENABLE();
 165:Core/Src/stm32f4xx_hal_msp.c **** 
 166:Core/Src/stm32f4xx_hal_msp.c ****     __HAL_RCC_GPIOA_CLK_ENABLE();
 167:Core/Src/stm32f4xx_hal_msp.c ****     /**USART2 GPIO Configuration
 168:Core/Src/stm32f4xx_hal_msp.c ****     PA2     ------> USART2_TX
 169:Core/Src/stm32f4xx_hal_msp.c ****     PA3     ------> USART2_RX
 170:Core/Src/stm32f4xx_hal_msp.c ****     */
 171:Core/Src/stm32f4xx_hal_msp.c ****     GPIO_InitStruct.Pin = USART_TX_Pin|USART_RX_Pin;
 172:Core/Src/stm32f4xx_hal_msp.c ****     GPIO_InitStruct.Mode = GPIO_MODE_AF_PP;
 173:Core/Src/stm32f4xx_hal_msp.c ****     GPIO_InitStruct.Pull = GPIO_NOPULL;
 174:Core/Src/stm32f4xx_hal_msp.c ****     GPIO_InitStruct.Speed = GPIO_SPEED_FREQ_VERY_HIGH;
 175:Core/Src/stm32f4xx_hal_msp.c ****     GPIO_InitStruct.Alternate = GPIO_AF7_USART2;
 176:Core/Src/stm32f4xx_hal_msp.c ****     HAL_GPIO_Init(GPIOA, &GPIO_InitStruct);
 177:Core/Src/stm32f4xx_hal_msp.c **** 
 178:Core/Src/stm32f4xx_hal_msp.c ****   /* USER CODE BEGIN USART2_MspInit 1 */
 179:Core/Src/stm32f4xx_hal_msp.c **** 
 180:Core/Src/stm32f4xx_hal_msp.c ****   /* USER CODE END USART2_MspInit 1 */
 181:Core/Src/stm32f4xx_hal_msp.c ****   }
 182:Core/Src/stm32f4xx_hal_msp.c **** 
 183:Core/Src/stm32f4xx_hal_msp.c **** }
 307              		.loc 1 183 1 view .LVU64
 308 0018 09B0     		add	sp, sp, #36
 309              	.LCFI10:
 310              		.cfi_remember_state
 311              		.cfi_def_cfa_offset 4
ARM GAS  C:\Users\saite\AppData\Local\Temp\cce85wkV.s 			page 10


 312              		@ sp needed
 313 001a 5DF804FB 		ldr	pc, [sp], #4
 314              	.LVL13:
 315              	.L20:
 316              	.LCFI11:
 317              		.cfi_restore_state
 164:Core/Src/stm32f4xx_hal_msp.c **** 
 318              		.loc 1 164 5 is_stmt 1 view .LVU65
 319              	.LBB6:
 164:Core/Src/stm32f4xx_hal_msp.c **** 
 320              		.loc 1 164 5 view .LVU66
 321 001e 0021     		movs	r1, #0
 322 0020 0191     		str	r1, [sp, #4]
 164:Core/Src/stm32f4xx_hal_msp.c **** 
 323              		.loc 1 164 5 view .LVU67
 324 0022 03F5FA33 		add	r3, r3, #128000
 325 0026 1A6C     		ldr	r2, [r3, #64]
 326 0028 42F40032 		orr	r2, r2, #131072
 327 002c 1A64     		str	r2, [r3, #64]
 164:Core/Src/stm32f4xx_hal_msp.c **** 
 328              		.loc 1 164 5 view .LVU68
 329 002e 1A6C     		ldr	r2, [r3, #64]
 330 0030 02F40032 		and	r2, r2, #131072
 331 0034 0192     		str	r2, [sp, #4]
 164:Core/Src/stm32f4xx_hal_msp.c **** 
 332              		.loc 1 164 5 view .LVU69
 333 0036 019A     		ldr	r2, [sp, #4]
 334              	.LBE6:
 164:Core/Src/stm32f4xx_hal_msp.c **** 
 335              		.loc 1 164 5 view .LVU70
 166:Core/Src/stm32f4xx_hal_msp.c ****     /**USART2 GPIO Configuration
 336              		.loc 1 166 5 view .LVU71
 337              	.LBB7:
 166:Core/Src/stm32f4xx_hal_msp.c ****     /**USART2 GPIO Configuration
 338              		.loc 1 166 5 view .LVU72
 339 0038 0291     		str	r1, [sp, #8]
 166:Core/Src/stm32f4xx_hal_msp.c ****     /**USART2 GPIO Configuration
 340              		.loc 1 166 5 view .LVU73
 341 003a 1A6B     		ldr	r2, [r3, #48]
 342 003c 42F00102 		orr	r2, r2, #1
 343 0040 1A63     		str	r2, [r3, #48]
 166:Core/Src/stm32f4xx_hal_msp.c ****     /**USART2 GPIO Configuration
 344              		.loc 1 166 5 view .LVU74
 345 0042 1B6B     		ldr	r3, [r3, #48]
 346 0044 03F00103 		and	r3, r3, #1
 347 0048 0293     		str	r3, [sp, #8]
 166:Core/Src/stm32f4xx_hal_msp.c ****     /**USART2 GPIO Configuration
 348              		.loc 1 166 5 view .LVU75
 349 004a 029B     		ldr	r3, [sp, #8]
 350              	.LBE7:
 166:Core/Src/stm32f4xx_hal_msp.c ****     /**USART2 GPIO Configuration
 351              		.loc 1 166 5 view .LVU76
 171:Core/Src/stm32f4xx_hal_msp.c ****     GPIO_InitStruct.Mode = GPIO_MODE_AF_PP;
 352              		.loc 1 171 5 view .LVU77
 171:Core/Src/stm32f4xx_hal_msp.c ****     GPIO_InitStruct.Mode = GPIO_MODE_AF_PP;
 353              		.loc 1 171 25 is_stmt 0 view .LVU78
 354 004c 0C23     		movs	r3, #12
ARM GAS  C:\Users\saite\AppData\Local\Temp\cce85wkV.s 			page 11


 355 004e 0393     		str	r3, [sp, #12]
 172:Core/Src/stm32f4xx_hal_msp.c ****     GPIO_InitStruct.Pull = GPIO_NOPULL;
 356              		.loc 1 172 5 is_stmt 1 view .LVU79
 172:Core/Src/stm32f4xx_hal_msp.c ****     GPIO_InitStruct.Pull = GPIO_NOPULL;
 357              		.loc 1 172 26 is_stmt 0 view .LVU80
 358 0050 0223     		movs	r3, #2
 359 0052 0493     		str	r3, [sp, #16]
 173:Core/Src/stm32f4xx_hal_msp.c ****     GPIO_InitStruct.Speed = GPIO_SPEED_FREQ_VERY_HIGH;
 360              		.loc 1 173 5 is_stmt 1 view .LVU81
 174:Core/Src/stm32f4xx_hal_msp.c ****     GPIO_InitStruct.Alternate = GPIO_AF7_USART2;
 361              		.loc 1 174 5 view .LVU82
 174:Core/Src/stm32f4xx_hal_msp.c ****     GPIO_InitStruct.Alternate = GPIO_AF7_USART2;
 362              		.loc 1 174 27 is_stmt 0 view .LVU83
 363 0054 0323     		movs	r3, #3
 364 0056 0693     		str	r3, [sp, #24]
 175:Core/Src/stm32f4xx_hal_msp.c ****     HAL_GPIO_Init(GPIOA, &GPIO_InitStruct);
 365              		.loc 1 175 5 is_stmt 1 view .LVU84
 175:Core/Src/stm32f4xx_hal_msp.c ****     HAL_GPIO_Init(GPIOA, &GPIO_InitStruct);
 366              		.loc 1 175 31 is_stmt 0 view .LVU85
 367 0058 0723     		movs	r3, #7
 368 005a 0793     		str	r3, [sp, #28]
 176:Core/Src/stm32f4xx_hal_msp.c **** 
 369              		.loc 1 176 5 is_stmt 1 view .LVU86
 370 005c 03A9     		add	r1, sp, #12
 371 005e 0348     		ldr	r0, .L21+4
 372              	.LVL14:
 176:Core/Src/stm32f4xx_hal_msp.c **** 
 373              		.loc 1 176 5 is_stmt 0 view .LVU87
 374 0060 FFF7FEFF 		bl	HAL_GPIO_Init
 375              	.LVL15:
 376              		.loc 1 183 1 view .LVU88
 377 0064 D8E7     		b	.L17
 378              	.L22:
 379 0066 00BF     		.align	2
 380              	.L21:
 381 0068 00440040 		.word	1073759232
 382 006c 00000240 		.word	1073872896
 383              		.cfi_endproc
 384              	.LFE133:
 386              		.section	.text.HAL_UART_MspDeInit,"ax",%progbits
 387              		.align	1
 388              		.global	HAL_UART_MspDeInit
 389              		.syntax unified
 390              		.thumb
 391              		.thumb_func
 392              		.fpu fpv4-sp-d16
 394              	HAL_UART_MspDeInit:
 395              	.LVL16:
 396              	.LFB134:
 184:Core/Src/stm32f4xx_hal_msp.c **** 
 185:Core/Src/stm32f4xx_hal_msp.c **** /**
 186:Core/Src/stm32f4xx_hal_msp.c **** * @brief UART MSP De-Initialization
 187:Core/Src/stm32f4xx_hal_msp.c **** * This function freeze the hardware resources used in this example
 188:Core/Src/stm32f4xx_hal_msp.c **** * @param huart: UART handle pointer
 189:Core/Src/stm32f4xx_hal_msp.c **** * @retval None
 190:Core/Src/stm32f4xx_hal_msp.c **** */
 191:Core/Src/stm32f4xx_hal_msp.c **** void HAL_UART_MspDeInit(UART_HandleTypeDef* huart)
ARM GAS  C:\Users\saite\AppData\Local\Temp\cce85wkV.s 			page 12


 192:Core/Src/stm32f4xx_hal_msp.c **** {
 397              		.loc 1 192 1 is_stmt 1 view -0
 398              		.cfi_startproc
 399              		@ args = 0, pretend = 0, frame = 0
 400              		@ frame_needed = 0, uses_anonymous_args = 0
 401              		.loc 1 192 1 is_stmt 0 view .LVU90
 402 0000 08B5     		push	{r3, lr}
 403              	.LCFI12:
 404              		.cfi_def_cfa_offset 8
 405              		.cfi_offset 3, -8
 406              		.cfi_offset 14, -4
 193:Core/Src/stm32f4xx_hal_msp.c ****   if(huart->Instance==USART2)
 407              		.loc 1 193 3 is_stmt 1 view .LVU91
 408              		.loc 1 193 11 is_stmt 0 view .LVU92
 409 0002 0268     		ldr	r2, [r0]
 410              		.loc 1 193 5 view .LVU93
 411 0004 064B     		ldr	r3, .L27
 412 0006 9A42     		cmp	r2, r3
 413 0008 00D0     		beq	.L26
 414              	.LVL17:
 415              	.L23:
 194:Core/Src/stm32f4xx_hal_msp.c ****   {
 195:Core/Src/stm32f4xx_hal_msp.c ****   /* USER CODE BEGIN USART2_MspDeInit 0 */
 196:Core/Src/stm32f4xx_hal_msp.c **** 
 197:Core/Src/stm32f4xx_hal_msp.c ****   /* USER CODE END USART2_MspDeInit 0 */
 198:Core/Src/stm32f4xx_hal_msp.c ****     /* Peripheral clock disable */
 199:Core/Src/stm32f4xx_hal_msp.c ****     __HAL_RCC_USART2_CLK_DISABLE();
 200:Core/Src/stm32f4xx_hal_msp.c **** 
 201:Core/Src/stm32f4xx_hal_msp.c ****     /**USART2 GPIO Configuration
 202:Core/Src/stm32f4xx_hal_msp.c ****     PA2     ------> USART2_TX
 203:Core/Src/stm32f4xx_hal_msp.c ****     PA3     ------> USART2_RX
 204:Core/Src/stm32f4xx_hal_msp.c ****     */
 205:Core/Src/stm32f4xx_hal_msp.c ****     HAL_GPIO_DeInit(GPIOA, USART_TX_Pin|USART_RX_Pin);
 206:Core/Src/stm32f4xx_hal_msp.c **** 
 207:Core/Src/stm32f4xx_hal_msp.c ****   /* USER CODE BEGIN USART2_MspDeInit 1 */
 208:Core/Src/stm32f4xx_hal_msp.c **** 
 209:Core/Src/stm32f4xx_hal_msp.c ****   /* USER CODE END USART2_MspDeInit 1 */
 210:Core/Src/stm32f4xx_hal_msp.c ****   }
 211:Core/Src/stm32f4xx_hal_msp.c **** 
 212:Core/Src/stm32f4xx_hal_msp.c **** }
 416              		.loc 1 212 1 view .LVU94
 417 000a 08BD     		pop	{r3, pc}
 418              	.LVL18:
 419              	.L26:
 199:Core/Src/stm32f4xx_hal_msp.c **** 
 420              		.loc 1 199 5 is_stmt 1 view .LVU95
 421 000c 054A     		ldr	r2, .L27+4
 422 000e 136C     		ldr	r3, [r2, #64]
 423 0010 23F40033 		bic	r3, r3, #131072
 424 0014 1364     		str	r3, [r2, #64]
 205:Core/Src/stm32f4xx_hal_msp.c **** 
 425              		.loc 1 205 5 view .LVU96
 426 0016 0C21     		movs	r1, #12
 427 0018 0348     		ldr	r0, .L27+8
 428              	.LVL19:
 205:Core/Src/stm32f4xx_hal_msp.c **** 
 429              		.loc 1 205 5 is_stmt 0 view .LVU97
ARM GAS  C:\Users\saite\AppData\Local\Temp\cce85wkV.s 			page 13


 430 001a FFF7FEFF 		bl	HAL_GPIO_DeInit
 431              	.LVL20:
 432              		.loc 1 212 1 view .LVU98
 433 001e F4E7     		b	.L23
 434              	.L28:
 435              		.align	2
 436              	.L27:
 437 0020 00440040 		.word	1073759232
 438 0024 00380240 		.word	1073887232
 439 0028 00000240 		.word	1073872896
 440              		.cfi_endproc
 441              	.LFE134:
 443              		.text
 444              	.Letext0:
 445              		.file 2 "c:\\tools\\gcc-arm-none-eabi-10-2020-q4-major\\arm-none-eabi\\include\\machine\\_default_
 446              		.file 3 "c:\\tools\\gcc-arm-none-eabi-10-2020-q4-major\\arm-none-eabi\\include\\sys\\_stdint.h"
 447              		.file 4 "Drivers/CMSIS/Device/ST/STM32F4xx/Include/stm32f446xx.h"
 448              		.file 5 "Drivers/STM32F4xx_HAL_Driver/Inc/stm32f4xx_hal_def.h"
 449              		.file 6 "Drivers/STM32F4xx_HAL_Driver/Inc/stm32f4xx_hal_gpio.h"
 450              		.file 7 "Drivers/STM32F4xx_HAL_Driver/Inc/stm32f4xx_hal_dma.h"
 451              		.file 8 "Drivers/STM32F4xx_HAL_Driver/Inc/stm32f4xx_hal_spi.h"
 452              		.file 9 "Drivers/STM32F4xx_HAL_Driver/Inc/stm32f4xx_hal_uart.h"
 453              		.file 10 "Drivers/STM32F4xx_HAL_Driver/Inc/stm32f4xx_hal_cortex.h"
ARM GAS  C:\Users\saite\AppData\Local\Temp\cce85wkV.s 			page 14


DEFINED SYMBOLS
                            *ABS*:00000000 stm32f4xx_hal_msp.c
C:\Users\saite\AppData\Local\Temp\cce85wkV.s:18     .text.HAL_MspInit:00000000 $t
C:\Users\saite\AppData\Local\Temp\cce85wkV.s:26     .text.HAL_MspInit:00000000 HAL_MspInit
C:\Users\saite\AppData\Local\Temp\cce85wkV.s:87     .text.HAL_MspInit:0000003c $d
C:\Users\saite\AppData\Local\Temp\cce85wkV.s:92     .text.HAL_SPI_MspInit:00000000 $t
C:\Users\saite\AppData\Local\Temp\cce85wkV.s:99     .text.HAL_SPI_MspInit:00000000 HAL_SPI_MspInit
C:\Users\saite\AppData\Local\Temp\cce85wkV.s:205    .text.HAL_SPI_MspInit:00000068 $d
C:\Users\saite\AppData\Local\Temp\cce85wkV.s:211    .text.HAL_SPI_MspDeInit:00000000 $t
C:\Users\saite\AppData\Local\Temp\cce85wkV.s:218    .text.HAL_SPI_MspDeInit:00000000 HAL_SPI_MspDeInit
C:\Users\saite\AppData\Local\Temp\cce85wkV.s:261    .text.HAL_SPI_MspDeInit:00000020 $d
C:\Users\saite\AppData\Local\Temp\cce85wkV.s:268    .text.HAL_UART_MspInit:00000000 $t
C:\Users\saite\AppData\Local\Temp\cce85wkV.s:275    .text.HAL_UART_MspInit:00000000 HAL_UART_MspInit
C:\Users\saite\AppData\Local\Temp\cce85wkV.s:381    .text.HAL_UART_MspInit:00000068 $d
C:\Users\saite\AppData\Local\Temp\cce85wkV.s:387    .text.HAL_UART_MspDeInit:00000000 $t
C:\Users\saite\AppData\Local\Temp\cce85wkV.s:394    .text.HAL_UART_MspDeInit:00000000 HAL_UART_MspDeInit
C:\Users\saite\AppData\Local\Temp\cce85wkV.s:437    .text.HAL_UART_MspDeInit:00000020 $d

UNDEFINED SYMBOLS
HAL_NVIC_SetPriorityGrouping
HAL_GPIO_Init
HAL_GPIO_DeInit
